# JRE version: Java(TM) SE Runtime Environment (15.0.2+7) (build 15.0.2+7-27)
# Java VM: Java HotSpot(TM) 64-Bit Server VM (15.0.2+7-27, mixed mode, sharing, tiered, compressed oops, g1 gc, windows-amd64)
GC Precious Log:
 CPUs: 6 total, 6 available
 Memory: 16326M
 Large Page Support: Disabled
 NUMA Support: Disabled
 Compressed Oops: Enabled (32-bit)
 Heap Region Size: 1M
 Heap Min Capacity: 256M
 Heap Initial Capacity: 256M
 Heap Max Capacity: 512M
 Pre-touch: Disabled
 Parallel Workers: 6
 Concurrent Workers: 2
 Concurrent Refinement Workers: 6
 Periodic GC: Disabled
Heap:
 garbage-first heap   total 262144K, used 122660K [0x00000000e0000000, 0x0000000100000000)
  region size 1024K, 65 young (66560K), 12 survivors (12288K)
 Metaspace       used 63660K, capacity 65079K, committed 65200K, reserved 311296K
  class space    used 8259K, capacity 8688K, committed 8704K, reserved 253952K
GC Heap History (20 events):
Event: 0.734 GC heap before
{Heap before GC invocations=1 (full 0):
 garbage-first heap   total 262144K, used 31009K [0x00000000e0000000, 0x0000000100000000)
  region size 1024K, 24 young (24576K), 3 survivors (3072K)
 Metaspace       used 4359K, capacity 6803K, committed 7040K, reserved 262144K
  class space    used 526K, capacity 773K, committed 896K, reserved 253952K
}
Event: 0.736 GC heap after
{Heap after GC invocations=2 (full 0):
 garbage-first heap   total 262144K, used 10492K [0x00000000e0000000, 0x0000000100000000)
  region size 1024K, 1 young (1024K), 1 survivors (1024K)
 Metaspace       used 4359K, capacity 6803K, committed 7040K, reserved 262144K
  class space    used 526K, capacity 773K, committed 896K, reserved 253952K
}
Event: 1.299 GC heap before
{Heap before GC invocations=2 (full 0):
 garbage-first heap   total 262144K, used 47356K [0x00000000e0000000, 0x0000000100000000)
  region size 1024K, 37 young (37888K), 1 survivors (1024K)
 Metaspace       used 8116K, capacity 8629K, committed 8960K, reserved 262144K
  class space    used 1074K, capacity 1172K, committed 1280K, reserved 253952K
}
Event: 1.302 GC heap after
{Heap after GC invocations=3 (full 0):
 garbage-first heap   total 262144K, used 16485K [0x00000000e0000000, 0x0000000100000000)
  region size 1024K, 5 young (5120K), 5 survivors (5120K)
 Metaspace       used 8116K, capacity 8629K, committed 8960K, reserved 262144K
  class space    used 1074K, capacity 1172K, committed 1280K, reserved 253952K
}
Event: 2.116 GC heap before
{Heap before GC invocations=3 (full 0):
 garbage-first heap   total 262144K, used 92261K [0x00000000e0000000, 0x0000000100000000)
  region size 1024K, 80 young (81920K), 5 survivors (5120K)
 Metaspace       used 20740K, capacity 21148K, committed 21296K, reserved 272384K
  class space    used 3011K, capacity 3123K, committed 3200K, reserved 253952K
}
Event: 2.120 GC heap after
{Heap after GC invocations=4 (full 0):
 garbage-first heap   total 262144K, used 20581K [0x00000000e0000000, 0x0000000100000000)
  region size 1024K, 9 young (9216K), 9 survivors (9216K)
 Metaspace       used 20740K, capacity 21148K, committed 21296K, reserved 272384K
  class space    used 3011K, capacity 3123K, committed 3200K, reserved 253952K
}
Event: 3.120 GC heap before
{Heap before GC invocations=5 (full 0):
 garbage-first heap   total 262144K, used 128101K [0x00000000e0000000, 0x0000000100000000)
  region size 1024K, 113 young (115712K), 9 survivors (9216K)
 Metaspace       used 35268K, capacity 35820K, committed 35888K, reserved 286720K
  class space    used 4800K, capacity 4954K, committed 4992K, reserved 253952K
}
Event: 3.128 GC heap after
{Heap after GC invocations=6 (full 0):
 garbage-first heap   total 262144K, used 30268K [0x00000000e0000000, 0x0000000100000000)
  region size 1024K, 19 young (19456K), 19 survivors (19456K)
 Metaspace       used 35268K, capacity 35820K, committed 35888K, reserved 286720K
  class space    used 4800K, capacity 4954K, committed 4992K, reserved 253952K
}
Event: 4.969 GC heap before
{Heap before GC invocations=7 (full 0):
 garbage-first heap   total 262144K, used 167484K [0x00000000e0000000, 0x0000000100000000)
  region size 1024K, 153 young (156672K), 19 survivors (19456K)
 Metaspace       used 52633K, capacity 53492K, committed 53680K, reserved 301056K
  class space    used 7064K, capacity 7354K, committed 7424K, reserved 253952K
}
Event: 4.984 GC heap after
{Heap after GC invocations=8 (full 0):
 garbage-first heap   total 262144K, used 40890K [0x00000000e0000000, 0x0000000100000000)
  region size 1024K, 20 young (20480K), 20 survivors (20480K)
 Metaspace       used 52633K, capacity 53492K, committed 53680K, reserved 301056K
  class space    used 7064K, capacity 7354K, committed 7424K, reserved 253952K
}
Event: 6.405 GC heap before
{Heap before GC invocations=8 (full 0):
 garbage-first heap   total 262144K, used 155578K [0x00000000e0000000, 0x0000000100000000)
  region size 1024K, 134 young (137216K), 20 survivors (20480K)
 Metaspace       used 59032K, capacity 60169K, committed 60208K, reserved 307200K
  class space    used 7957K, capacity 8296K, committed 8320K, reserved 253952K
}
Event: 6.419 GC heap after
{Heap after GC invocations=9 (full 0):
 garbage-first heap   total 262144K, used 50746K [0x00000000e0000000, 0x0000000100000000)
  region size 1024K, 10 young (10240K), 10 survivors (10240K)
 Metaspace       used 59032K, capacity 60169K, committed 60208K, reserved 307200K
  class space    used 7957K, capacity 8296K, committed 8320K, reserved 253952K
}
Event: 7.605 GC heap before
{Heap before GC invocations=10 (full 0):
 garbage-first heap   total 262144K, used 197178K [0x00000000e0000000, 0x0000000100000000)
  region size 1024K, 153 young (156672K), 10 survivors (10240K)
 Metaspace       used 60347K, capacity 61626K, committed 61872K, reserved 309248K
  class space    used 8001K, capacity 8373K, committed 8448K, reserved 253952K
}
Event: 7.613 GC heap after
{Heap after GC invocations=11 (full 0):
 garbage-first heap   total 262144K, used 59962K [0x00000000e0000000, 0x0000000100000000)
  region size 1024K, 19 young (19456K), 19 survivors (19456K)
 Metaspace       used 60347K, capacity 61626K, committed 61872K, reserved 309248K
  class space    used 8001K, capacity 8373K, committed 8448K, reserved 253952K
}
Event: 15.149 GC heap before
{Heap before GC invocations=11 (full 0):
 garbage-first heap   total 262144K, used 196154K [0x00000000e0000000, 0x0000000100000000)
  region size 1024K, 153 young (156672K), 19 survivors (19456K)
 Metaspace       used 62159K, capacity 63402K, committed 63664K, reserved 309248K
  class space    used 8192K, capacity 8587K, committed 8704K, reserved 253952K
}
Event: 15.160 GC heap after
{Heap after GC invocations=12 (full 0):
 garbage-first heap   total 262144K, used 58493K [0x00000000e0000000, 0x0000000100000000)
  region size 1024K, 10 young (10240K), 10 survivors (10240K)
 Metaspace       used 62159K, capacity 63402K, committed 63664K, reserved 309248K
  class space    used 8192K, capacity 8587K, committed 8704K, reserved 253952K
}
Event: 38.276 GC heap before
{Heap before GC invocations=12 (full 0):
 garbage-first heap   total 262144K, used 201853K [0x00000000e0000000, 0x0000000100000000)
  region size 1024K, 151 young (154624K), 10 survivors (10240K)
 Metaspace       used 63099K, capacity 64478K, committed 64688K, reserved 311296K
  class space    used 8256K, capacity 8684K, committed 8704K, reserved 253952K
}
Event: 38.289 GC heap after
{Heap after GC invocations=13 (full 0):
 garbage-first heap   total 262144K, used 68451K [0x00000000e0000000, 0x0000000100000000)
  region size 1024K, 19 young (19456K), 19 survivors (19456K)
 Metaspace       used 63099K, capacity 64478K, committed 64688K, reserved 311296K
  class space    used 8256K, capacity 8684K, committed 8704K, reserved 253952K
}
Event: 38.949 GC heap before
{Heap before GC invocations=13 (full 0):
 garbage-first heap   total 262144K, used 205667K [0x00000000e0000000, 0x0000000100000000)
  region size 1024K, 153 young (156672K), 19 survivors (19456K)
 Metaspace       used 63327K, capacity 64740K, committed 64944K, reserved 311296K
  class space    used 8256K, capacity 8685K, committed 8704K, reserved 253952K
}
Event: 38.958 GC heap after
{Heap after GC invocations=14 (full 0):
 garbage-first heap   total 262144K, used 69412K [0x00000000e0000000, 0x0000000100000000)
  region size 1024K, 12 young (12288K), 12 survivors (12288K)
 Metaspace       used 63327K, capacity 64740K, committed 64944K, reserved 311296K
  class space    used 8256K, capacity 8685K, committed 8704K, reserved 253952K
}

