# JRE version: Java(TM) SE Runtime Environment (15.0.2+7) (build 15.0.2+7-27)
# Java VM: Java HotSpot(TM) 64-Bit Server VM (15.0.2+7-27, mixed mode, sharing, tiered, compressed oops, g1 gc, windows-amd64)
GC Precious Log:
 CPUs: 6 total, 6 available
 Memory: 16326M
 Large Page Support: Disabled
 NUMA Support: Disabled
 Compressed Oops: Enabled (Zero based)
 Heap Region Size: 2M
 Heap Min Capacity: 8M
 Heap Initial Capacity: 256M
 Heap Max Capacity: 4082M
 Pre-touch: Disabled
 Parallel Workers: 6
 Concurrent Workers: 2
 Concurrent Refinement Workers: 6
 Periodic GC: Disabled
Heap:
 garbage-first heap   total 90112K, used 38763K [0x0000000700e00000, 0x0000000800000000)
  region size 2048K, 11 young (22528K), 3 survivors (6144K)
 Metaspace       used 48648K, capacity 49167K, committed 49280K, reserved 1091584K
  class space    used 6268K, capacity 6417K, committed 6528K, reserved 1048576K
GC Heap History (20 events):
Event: 1.432 GC heap before
{Heap before GC invocations=2 (full 0):
 garbage-first heap   total 262144K, used 46253K [0x0000000700e00000, 0x0000000800000000)
  region size 2048K, 19 young (38912K), 1 survivors (2048K)
 Metaspace       used 15628K, capacity 15885K, committed 16000K, reserved 1062912K
  class space    used 2038K, capacity 2112K, committed 2176K, reserved 1048576K
}
Event: 1.436 GC heap after
{Heap after GC invocations=3 (full 0):
 garbage-first heap   total 262144K, used 11432K [0x0000000700e00000, 0x0000000800000000)
  region size 2048K, 2 young (4096K), 2 survivors (4096K)
 Metaspace       used 15628K, capacity 15885K, committed 16000K, reserved 1062912K
  class space    used 2038K, capacity 2112K, committed 2176K, reserved 1048576K
}
Event: 1.956 GC heap before
{Heap before GC invocations=3 (full 0):
 garbage-first heap   total 262144K, used 81064K [0x0000000700e00000, 0x0000000800000000)
  region size 2048K, 38 young (77824K), 2 survivors (4096K)
 Metaspace       used 20902K, capacity 21141K, committed 21248K, reserved 1067008K
  class space    used 2622K, capacity 2709K, committed 2816K, reserved 1048576K
}
Event: 1.959 GC heap after
{Heap after GC invocations=4 (full 0):
 garbage-first heap   total 262144K, used 13648K [0x0000000700e00000, 0x0000000800000000)
  region size 2048K, 3 young (6144K), 3 survivors (6144K)
 Metaspace       used 20902K, capacity 21141K, committed 21248K, reserved 1067008K
  class space    used 2622K, capacity 2709K, committed 2816K, reserved 1048576K
}
Event: 2.353 GC heap before
{Heap before GC invocations=5 (full 0):
 garbage-first heap   total 55296K, used 40272K [0x0000000700e00000, 0x0000000800000000)
  region size 2048K, 16 young (32768K), 3 survivors (6144K)
 Metaspace       used 22568K, capacity 22807K, committed 22912K, reserved 1069056K
  class space    used 2826K, capacity 2919K, committed 2944K, reserved 1048576K
}
Event: 2.357 GC heap after
{Heap after GC invocations=6 (full 0):
 garbage-first heap   total 55296K, used 14889K [0x0000000700e00000, 0x0000000800000000)
  region size 2048K, 1 young (2048K), 1 survivors (2048K)
 Metaspace       used 22568K, capacity 22807K, committed 22912K, reserved 1069056K
  class space    used 2826K, capacity 2919K, committed 2944K, reserved 1048576K
}
Event: 2.737 GC heap before
{Heap before GC invocations=6 (full 0):
 garbage-first heap   total 55296K, used 35369K [0x0000000700e00000, 0x0000000800000000)
  region size 2048K, 12 young (24576K), 1 survivors (2048K)
 Metaspace       used 25051K, capacity 25289K, committed 25600K, reserved 1071104K
  class space    used 3132K, capacity 3210K, committed 3328K, reserved 1048576K
}
Event: 2.739 GC heap after
{Heap after GC invocations=7 (full 0):
 garbage-first heap   total 55296K, used 15983K [0x0000000700e00000, 0x0000000800000000)
  region size 2048K, 2 young (4096K), 2 survivors (4096K)
 Metaspace       used 25051K, capacity 25289K, committed 25600K, reserved 1071104K
  class space    used 3132K, capacity 3210K, committed 3328K, reserved 1048576K
}
Event: 3.312 GC heap before
{Heap before GC invocations=7 (full 0):
 garbage-first heap   total 55296K, used 36463K [0x0000000700e00000, 0x0000000800000000)
  region size 2048K, 12 young (24576K), 2 survivors (4096K)
 Metaspace       used 27485K, capacity 27736K, committed 27904K, reserved 1073152K
  class space    used 3431K, capacity 3534K, committed 3584K, reserved 1048576K
}
Event: 3.317 GC heap after
{Heap after GC invocations=8 (full 0):
 garbage-first heap   total 55296K, used 17070K [0x0000000700e00000, 0x0000000800000000)
  region size 2048K, 2 young (4096K), 2 survivors (4096K)
 Metaspace       used 27485K, capacity 27736K, committed 27904K, reserved 1073152K
  class space    used 3431K, capacity 3534K, committed 3584K, reserved 1048576K
}
Event: 3.852 GC heap before
{Heap before GC invocations=8 (full 0):
 garbage-first heap   total 55296K, used 37550K [0x0000000700e00000, 0x0000000800000000)
  region size 2048K, 12 young (24576K), 2 survivors (4096K)
 Metaspace       used 30525K, capacity 30859K, committed 30976K, reserved 1077248K
  class space    used 3881K, capacity 4003K, committed 4096K, reserved 1048576K
}
Event: 3.859 GC heap after
{Heap after GC invocations=9 (full 0):
 garbage-first heap   total 55296K, used 19347K [0x0000000700e00000, 0x0000000800000000)
  region size 2048K, 2 young (4096K), 2 survivors (4096K)
 Metaspace       used 30525K, capacity 30859K, committed 30976K, reserved 1077248K
  class space    used 3881K, capacity 4003K, committed 4096K, reserved 1048576K
}
Event: 4.289 GC heap before
{Heap before GC invocations=9 (full 0):
 garbage-first heap   total 55296K, used 37779K [0x0000000700e00000, 0x0000000800000000)
  region size 2048K, 12 young (24576K), 2 survivors (4096K)
 Metaspace       used 33169K, capacity 33534K, committed 33792K, reserved 1079296K
  class space    used 4149K, capacity 4296K, committed 4352K, reserved 1048576K
}
Event: 4.296 GC heap after
{Heap after GC invocations=10 (full 0):
 garbage-first heap   total 55296K, used 20760K [0x0000000700e00000, 0x0000000800000000)
  region size 2048K, 1 young (2048K), 1 survivors (2048K)
 Metaspace       used 33169K, capacity 33534K, committed 33792K, reserved 1079296K
  class space    used 4149K, capacity 4296K, committed 4352K, reserved 1048576K
}
Event: 4.297 GC heap before
{Heap before GC invocations=10 (full 0):
 garbage-first heap   total 55296K, used 37144K [0x0000000700e00000, 0x0000000800000000)
  region size 2048K, 10 young (20480K), 1 survivors (2048K)
 Metaspace       used 33169K, capacity 33534K, committed 33792K, reserved 1079296K
  class space    used 4149K, capacity 4296K, committed 4352K, reserved 1048576K
}
Event: 4.300 GC heap after
{Heap after GC invocations=11 (full 0):
 garbage-first heap   total 159744K, used 20576K [0x0000000700e00000, 0x0000000800000000)
  region size 2048K, 1 young (2048K), 1 survivors (2048K)
 Metaspace       used 33169K, capacity 33534K, committed 33792K, reserved 1079296K
  class space    used 4149K, capacity 4296K, committed 4352K, reserved 1048576K
}
Event: 4.655 GC heap before
{Heap before GC invocations=11 (full 0):
 garbage-first heap   total 159744K, used 55392K [0x0000000700e00000, 0x0000000800000000)
  region size 2048K, 20 young (40960K), 1 survivors (2048K)
 Metaspace       used 35396K, capacity 35741K, committed 35840K, reserved 1081344K
  class space    used 4424K, capacity 4539K, committed 4608K, reserved 1048576K
}
Event: 4.659 GC heap after
{Heap after GC invocations=12 (full 0):
 garbage-first heap   total 159744K, used 21776K [0x0000000700e00000, 0x0000000800000000)
  region size 2048K, 2 young (4096K), 2 survivors (4096K)
 Metaspace       used 35396K, capacity 35741K, committed 35840K, reserved 1081344K
  class space    used 4424K, capacity 4539K, committed 4608K, reserved 1048576K
}
Event: 6.211 GC heap before
{Heap before GC invocations=13 (full 0):
 garbage-first heap   total 90112K, used 70928K [0x0000000700e00000, 0x0000000800000000)
  region size 2048K, 26 young (53248K), 2 survivors (4096K)
 Metaspace       used 45526K, capacity 45974K, committed 46336K, reserved 1089536K
  class space    used 5886K, capacity 6023K, committed 6144K, reserved 1048576K
}
Event: 6.217 GC heap after
{Heap after GC invocations=14 (full 0):
 garbage-first heap   total 90112K, used 24427K [0x0000000700e00000, 0x0000000800000000)
  region size 2048K, 3 young (6144K), 3 survivors (6144K)
 Metaspace       used 45526K, capacity 45974K, committed 46336K, reserved 1089536K
  class space    used 5886K, capacity 6023K, committed 6144K, reserved 1048576K
}

